<?xml version="1.0" encoding="UTF-8"?>
<testsuite name="com.bock.observability.example.ExampleApplicationTests" tests="1" skipped="0" failures="0" errors="0" timestamp="2023-02-08T16:13:24" hostname="MacBook-Pro-3.T-mobile.com" time="0.343">
  <properties/>
  <testcase name="contextLoads()" classname="com.bock.observability.example.ExampleApplicationTests" time="0.343"/>
  <system-out><![CDATA[10:13:22.414 [Test worker] DEBUG org.springframework.boot.test.context.SpringBootTestContextBootstrapper - Neither @ContextConfiguration nor @ContextHierarchy found for test class [ExampleApplicationTests]: using SpringBootContextLoader
10:13:22.420 [Test worker] DEBUG org.springframework.test.context.support.AbstractContextLoader - Could not detect default resource locations for test class [com.bock.observability.example.ExampleApplicationTests]: no resource found for suffixes {-context.xml, Context.groovy}.
10:13:22.420 [Test worker] INFO org.springframework.test.context.support.AnnotationConfigContextLoaderUtils - Could not detect default configuration classes for test class [com.bock.observability.example.ExampleApplicationTests]: ExampleApplicationTests does not declare any static, non-private, non-final, nested classes annotated with @Configuration.
10:13:22.438 [Test worker] DEBUG org.springframework.boot.test.context.SpringBootTestContextBootstrapper - Using ContextCustomizers for test class [ExampleApplicationTests]: [DisableObservabilityContextCustomizer, PropertyMappingContextCustomizer, Customizer, ExcludeFilterContextCustomizer, DuplicateJsonObjectContextCustomizer, MockitoContextCustomizer, TestRestTemplateContextCustomizer]
10:13:22.493 [Test worker] DEBUG org.springframework.context.annotation.ClassPathScanningCandidateComponentProvider - Identified candidate component class: file [/Users/scottbock/Dev/observability/build/classes/java/main/com/bock/observability/example/ExampleApplication.class]
10:13:22.505 [Test worker] INFO org.springframework.boot.test.context.SpringBootTestContextBootstrapper - Found @SpringBootConfiguration com.bock.observability.example.ExampleApplication for test class com.bock.observability.example.ExampleApplicationTests
10:13:22.588 [Test worker] DEBUG org.springframework.test.context.util.TestContextSpringFactoriesUtils - Skipping candidate TestExecutionListener [org.springframework.test.context.transaction.TransactionalTestExecutionListener] due to a missing dependency. Specify custom TestExecutionListener classes or make the default TestExecutionListener classes and their required dependencies available. Offending class: [org/springframework/transaction/interceptor/TransactionAttributeSource]
10:13:22.589 [Test worker] DEBUG org.springframework.test.context.util.TestContextSpringFactoriesUtils - Skipping candidate TestExecutionListener [org.springframework.test.context.jdbc.SqlScriptsTestExecutionListener] due to a missing dependency. Specify custom TestExecutionListener classes or make the default TestExecutionListener classes and their required dependencies available. Offending class: [org/springframework/transaction/interceptor/TransactionAttribute]
10:13:22.591 [Test worker] DEBUG org.springframework.boot.test.context.SpringBootTestContextBootstrapper - Using TestExecutionListeners for test class [ExampleApplicationTests]: [ServletTestExecutionListener, DirtiesContextBeforeModesTestExecutionListener, ApplicationEventsTestExecutionListener, MockitoTestExecutionListener, DependencyInjectionTestExecutionListener, DirtiesContextTestExecutionListener, EventPublishingTestExecutionListener, RestDocsTestExecutionListener, MockRestServiceServerResetTestExecutionListener, MockMvcPrintOnlyOnFailureTestExecutionListener, WebDriverTestExecutionListener, MockWebServiceServerTestExecutionListener, ResetMocksTestExecutionListener]
10:13:22.592 [Test worker] DEBUG org.springframework.test.context.support.AbstractDirtiesContextTestExecutionListener - Before test class: class [ExampleApplicationTests], class annotated with @DirtiesContext [false] with mode [null]

  .   ____          _            __ _ _
 /\\ / ___'_ __ _ _(_)_ __  __ _ \ \ \ \
( ( )\___ | '_ | '_| | '_ \/ _` | \ \ \ \
 \\/  ___)| |_)| | | | | || (_| |  ) ) ) )
  '  |____| .__|_| |_|_| |_\__, | / / / /
 =========|_|==============|___/=/_/_/_/
 :: Spring Boot ::                (v3.0.2)

2023-02-08T10:13:23.036-06:00 "trace_id= span_id= trace_flags= INFO" 22658 --- [    Test worker] c.b.o.example.ExampleApplicationTests    : Starting ExampleApplicationTests using Java 17.0.2 with PID 22658 (started by scottbock in /Users/scottbock/Dev/observability)
2023-02-08T10:13:23.044-06:00 "trace_id= span_id= trace_flags= DEBUG" 22658 --- [    Test worker] c.b.o.example.ExampleApplicationTests    : Running with Spring Boot v3.0.2, Spring v6.0.4
2023-02-08T10:13:23.045-06:00 "trace_id= span_id= trace_flags= INFO" 22658 --- [    Test worker] c.b.o.example.ExampleApplicationTests    : No active profile set, falling back to 1 default profile: "default"
2023-02-08T10:13:24.457-06:00 "trace_id= span_id= trace_flags= INFO" 22658 --- [    Test worker] o.s.b.a.e.web.EndpointLinksResolver      : Exposing 2 endpoint(s) beneath base path '/actuator'
2023-02-08T10:13:24.523-06:00 "trace_id= span_id= trace_flags= INFO" 22658 --- [    Test worker] c.b.o.example.ExampleApplicationTests    : Started ExampleApplicationTests in 1.894 seconds (process running for 2.839)
]]></system-out>
  <system-err><![CDATA[]]></system-err>
</testsuite>
